[debug] ----------------------------------------------------------------------
[debug] Command:      /usr/local/Cellar/node/7.0.0/bin/node /usr/local/bin/firebase serve
[debug] CLI Version:  3.0.8
[debug] Platform:     darwin
[debug] Node Version: v7.0.0
[debug] Time:         Wed Oct 26 2016 10:35:33 GMT-0400 (EDT)
[debug] ----------------------------------------------------------------------
[debug] 
[info] Starting Firebase development server...
[info] 
[info] Project Directory: /Users/GeunbaeLee/Downloads/cs4803/WebApp
[info] Public Directory: public
[info] 
[info] Server listening at: http://localhost:5000
[debug] ----------------------------------------------------------------------
[debug] Command:      /usr/local/Cellar/node/7.0.0/bin/node /usr/local/bin/firebase serve
[debug] CLI Version:  3.0.8
[debug] Platform:     darwin
[debug] Node Version: v7.0.0
[debug] Time:         Wed Oct 26 2016 10:36:25 GMT-0400 (EDT)
[debug] ----------------------------------------------------------------------
[debug] 
[info] Starting Firebase development server...
[info] 
[info] Project Directory: /Users/GeunbaeLee/Downloads/cs4803/WebApp
[info] Public Directory: public
[info] 
[info] Server listening at: http://localhost:5000
[debug] ----------------------------------------------------------------------
[debug] Command:      /usr/local/Cellar/node/7.0.0/bin/node /usr/local/bin/firebase serve
[debug] CLI Version:  3.0.8
[debug] Platform:     darwin
[debug] Node Version: v7.0.0
[debug] Time:         Wed Oct 26 2016 11:11:59 GMT-0400 (EDT)
[debug] ----------------------------------------------------------------------
[debug] 
[info] Starting Firebase development server...
[info] 
[info] Project Directory: /Users/GeunbaeLee/Downloads/cs4803/WebApp
[info] Public Directory: public
[info] 
[info] Server listening at: http://localhost:5000
