[debug] ----------------------------------------------------------------------
[debug] Command:      /usr/local/bin/node /Users/MacbookPro/npm/bin/firebase serve
[debug] CLI Version:  3.0.8
[debug] Platform:     darwin
[debug] Node Version: v4.4.5
[debug] Time:         Tue Nov 08 2016 17:42:36 GMT-0500 (EST)
[debug] ----------------------------------------------------------------------
[debug] 
[info] Starting Firebase development server...
[info] 
[info] Project Directory: /Users/MacbookPro/Google Drive/Gatech/Sem 1/C4G/c4g_dashboard_code/cs4803/WebApp
[info] Public Directory: public
[info] 
[info] Server listening at: http://localhost:5000
[debug] ----------------------------------------------------------------------
[debug] Command:      /usr/local/bin/node /Users/MacbookPro/npm/bin/firebase deploy
[debug] CLI Version:  3.0.8
[debug] Platform:     darwin
[debug] Node Version: v4.4.5
[debug] Time:         Wed Nov 09 2016 21:01:13 GMT-0500 (EST)
[debug] ----------------------------------------------------------------------
[debug] 
[debug] > command requires scopes: ["email","openid","https://www.googleapis.com/auth/cloudplatformprojects.readonly","https://www.googleapis.com/auth/firebase"]
[debug] > refreshing access token with scopes: ["email","https://www.googleapis.com/auth/cloudplatformprojects.readonly","https://www.googleapis.com/auth/firebase","openid"]
[debug] >>> HTTP REQUEST POST https://www.googleapis.com/oauth2/v3/token
[debug] <<< HTTP RESPONSE 200
[debug] >>> HTTP REQUEST GET https://admin.firebase.com/v1/projects/patient-dashboard 
[debug] <<< HTTP RESPONSE 200
[debug] >>> HTTP REQUEST GET https://admin.firebase.com/v1/database/patient-dashboard/tokens 
[debug] <<< HTTP RESPONSE 200
[info] 
[info] === Deploying to 'patient-dashboard'...
[info] 
[info] i  deploying database, hosting
[info] ✔  database: rules ready to deploy.
[info] i  hosting: preparing public directory for upload...
[debug] >>> HTTP REQUEST PUT https://deploy.firebase.com/v1/hosting/patient-dashboard/uploads/-KWAxvVy2kEUMIU09voY?fileCount=11&message= 
[debug] <<< HTTP RESPONSE 200
[info] ✔  hosting: public folder uploaded successfully
[error] 
[error] Error: File upload failed: Storage error. Please try again. Failed to upload file "public/css/Icon\r": Invalid Value
[debug] Error Context: {
  "duration": 115,
  "fileCount": 11,
  "ip": "50.155.98.192",
  "start": 1478743276553,
  "status": "failed",
  "statusMessage": "Storage error. Please try again. Failed to upload file \"public/css/Icon\\r\": Invalid Value",
  "uid": "109296409592733606705",
  "uploadedCount": 0,
  "user": {
    "email": "rohankatyal29@gmail.com",
    "gaiaId": "109296409592733606705",
    "image": "https://lh3.googleusercontent.com/-ohfaHTXiH8c/AAAAAAAAAAI/AAAAAAAAD8Y/o7GNbAYpph4/photo.jpg"
  }
}
[debug] ----------------------------------------------------------------------
[debug] Command:      /usr/local/bin/node /Users/MacbookPro/npm/bin/firebase deploy
[debug] CLI Version:  3.0.8
[debug] Platform:     darwin
[debug] Node Version: v4.4.5
[debug] Time:         Wed Nov 09 2016 21:01:46 GMT-0500 (EST)
[debug] ----------------------------------------------------------------------
[debug] 
[debug] > command requires scopes: ["email","openid","https://www.googleapis.com/auth/cloudplatformprojects.readonly","https://www.googleapis.com/auth/firebase"]
[debug] >>> HTTP REQUEST GET https://admin.firebase.com/v1/projects/patient-dashboard 
[debug] <<< HTTP RESPONSE 200
[debug] >>> HTTP REQUEST GET https://admin.firebase.com/v1/database/patient-dashboard/tokens 
[debug] <<< HTTP RESPONSE 200
[info] 
[info] === Deploying to 'patient-dashboard'...
[info] 
[info] i  deploying database, hosting
[info] ✔  database: rules ready to deploy.
[info] i  hosting: preparing public directory for upload...
[debug] >>> HTTP REQUEST PUT https://deploy.firebase.com/v1/hosting/patient-dashboard/uploads/-KWAy2eF6HJaHqYTvmjf?fileCount=11&message= 
[debug] <<< HTTP RESPONSE 200
[info] ✔  hosting: public folder uploaded successfully
[error] 
[error] Error: File upload failed: Storage error. Please try again. Failed to upload file "public/css/Icon\r": Invalid Value
[debug] Error Context: {
  "duration": 141,
  "fileCount": 11,
  "ip": "50.155.98.192",
  "start": 1478743310692,
  "status": "failed",
  "statusMessage": "Storage error. Please try again. Failed to upload file \"public/css/Icon\\r\": Invalid Value",
  "uid": "109296409592733606705",
  "uploadedCount": 0,
  "user": {
    "email": "rohankatyal29@gmail.com",
    "gaiaId": "109296409592733606705",
    "image": "https://lh3.googleusercontent.com/-ohfaHTXiH8c/AAAAAAAAAAI/AAAAAAAAD8Y/o7GNbAYpph4/photo.jpg"
  }
}
[debug] ----------------------------------------------------------------------
[debug] Command:      /usr/local/bin/node /Users/MacbookPro/npm/bin/firebase deploy
[debug] CLI Version:  3.1.0
[debug] Platform:     darwin
[debug] Node Version: v4.4.5
[debug] Time:         Wed Nov 09 2016 21:04:53 GMT-0500 (EST)
[debug] ----------------------------------------------------------------------
[debug] 
[debug] > command requires scopes: ["email","openid","https://www.googleapis.com/auth/cloudplatformprojects.readonly","https://www.googleapis.com/auth/firebase"]
[debug] >>> HTTP REQUEST GET https://admin.firebase.com/v1/projects/patient-dashboard 
[debug] <<< HTTP RESPONSE 200
[debug] >>> HTTP REQUEST GET https://admin.firebase.com/v1/database/patient-dashboard/tokens 
[debug] <<< HTTP RESPONSE 200
[info] 
[info] === Deploying to 'patient-dashboard'...
[info] 
[info] i  deploying database, hosting
[info] ✔  database: rules ready to deploy.
[info] i  hosting: preparing public directory for upload...
[debug] >>> HTTP REQUEST PUT https://deploy.firebase.com/v1/hosting/patient-dashboard/uploads/-KWAylKGt7wYra-MAhv2?fileCount=11&message= 
[debug] <<< HTTP RESPONSE 200
[info] ✔  hosting: public folder uploaded successfully
[error] 
[error] Error: File upload failed: Storage error. Please try again. Failed to upload file "public/css/Icon\r": Invalid Value
[debug] Error Context: {
  "duration": 114,
  "fileCount": 11,
  "ip": "50.155.98.192",
  "start": 1478743496706,
  "status": "failed",
  "statusMessage": "Storage error. Please try again. Failed to upload file \"public/css/Icon\\r\": Invalid Value",
  "uid": "109296409592733606705",
  "uploadedCount": 0,
  "user": {
    "email": "rohankatyal29@gmail.com",
    "gaiaId": "109296409592733606705",
    "image": "https://lh3.googleusercontent.com/-ohfaHTXiH8c/AAAAAAAAAAI/AAAAAAAAD8Y/o7GNbAYpph4/photo.jpg"
  }
}
[debug] ----------------------------------------------------------------------
[debug] Command:      /usr/local/bin/node /Users/MacbookPro/npm/bin/firebase deploy
[debug] CLI Version:  3.1.0
[debug] Platform:     darwin
[debug] Node Version: v4.4.5
[debug] Time:         Wed Nov 09 2016 21:05:08 GMT-0500 (EST)
[debug] ----------------------------------------------------------------------
[debug] 
[debug] > command requires scopes: ["email","openid","https://www.googleapis.com/auth/cloudplatformprojects.readonly","https://www.googleapis.com/auth/firebase"]
[debug] >>> HTTP REQUEST GET https://admin.firebase.com/v1/projects/patient-dashboard 
[debug] <<< HTTP RESPONSE 200
[debug] >>> HTTP REQUEST GET https://admin.firebase.com/v1/database/patient-dashboard/tokens 
[debug] <<< HTTP RESPONSE 200
[info] 
[info] === Deploying to 'patient-dashboard'...
[info] 
[info] i  deploying database, hosting
[info] ✔  database: rules ready to deploy.
[info] i  hosting: preparing public directory for upload...
[debug] >>> HTTP REQUEST PUT https://deploy.firebase.com/v1/hosting/patient-dashboard/uploads/-KWAypLHR3JbaInw442Q?fileCount=11&message= 
[debug] <<< HTTP RESPONSE 200
[info] ✔  hosting: public folder uploaded successfully
[error] 
[error] Error: File upload failed: Storage error. Please try again. Failed to upload file "public/css/Icon\r": Invalid Value
[debug] Error Context: {
  "duration": 136,
  "fileCount": 11,
  "ip": "50.155.98.192",
  "start": 1478743516376,
  "status": "failed",
  "statusMessage": "Storage error. Please try again. Failed to upload file \"public/css/Icon\\r\": Invalid Value",
  "uid": "109296409592733606705",
  "uploadedCount": 0,
  "user": {
    "email": "rohankatyal29@gmail.com",
    "gaiaId": "109296409592733606705",
    "image": "https://lh3.googleusercontent.com/-ohfaHTXiH8c/AAAAAAAAAAI/AAAAAAAAD8Y/o7GNbAYpph4/photo.jpg"
  }
}
